<?xml version="1.0" encoding="UTF-8" ?>
<testsuite tests="1" failures="0" name="org.mainClass.TestRunner" time="0.005" errors="1" skipped="0">
  <properties>
[...]
</properties>
  <testcase classname="org.mainClass.TestRunner" name="initializationError" time="0.005">
    <error message="Couldn&apos;t load plugin class: html.report" type="cucumber.runtime.CucumberException">cucumber.runtime.CucumberException: Couldn&apos;t load plugin class: html.report
	at cucumber.runtime.formatter.PluginFactory.loadClass(PluginFactory.java:180)
	at cucumber.runtime.formatter.PluginFactory.pluginClass(PluginFactory.java:165)
	at cucumber.runtime.formatter.PluginFactory.getPluginClass(PluginFactory.java:222)
	at cucumber.runtime.formatter.PluginFactory.isStepDefinitionReporterName(PluginFactory.java:205)
	at cucumber.runtime.RuntimeOptions$ParsedPluginData.addPluginName(RuntimeOptions.java:357)
	at cucumber.runtime.RuntimeOptions.parse(RuntimeOptions.java:159)
	at cucumber.runtime.RuntimeOptions.&lt;init&gt;(RuntimeOptions.java:90)
	at cucumber.runtime.RuntimeOptions.&lt;init&gt;(RuntimeOptions.java:85)
	at cucumber.runtime.RuntimeOptionsFactory.create(RuntimeOptionsFactory.java:23)
	at cucumber.api.junit.Cucumber.&lt;init&gt;(Cucumber.java:84)
	at java.base/jdk.internal.reflect.DirectConstructorHandleAccessor.newInstance(DirectConstructorHandleAccessor.java:67)
	at java.base/java.lang.reflect.Constructor.newInstanceWithCaller(Constructor.java:499)
	at java.base/java.lang.reflect.Constructor.newInstance(Constructor.java:483)
	at org.junit.internal.builders.AnnotatedBuilder.buildRunner(AnnotatedBuilder.java:104)
	at org.junit.internal.builders.AnnotatedBuilder.runnerForClass(AnnotatedBuilder.java:86)
	at org.junit.runners.model.RunnerBuilder.safeRunnerForClass(RunnerBuilder.java:59)
	at org.junit.internal.builders.AllDefaultPossibilitiesBuilder.runnerForClass(AllDefaultPossibilitiesBuilder.java:26)
	at org.junit.runners.model.RunnerBuilder.safeRunnerForClass(RunnerBuilder.java:59)
	at org.junit.internal.requests.ClassRequest.getRunner(ClassRequest.java:33)
	at org.apache.maven.surefire.junit4.JUnit4Provider.execute(JUnit4Provider.java:250)
	at org.apache.maven.surefire.junit4.JUnit4Provider.executeTestSet(JUnit4Provider.java:141)
	at org.apache.maven.surefire.junit4.JUnit4Provider.invoke(JUnit4Provider.java:112)
	at java.base/jdk.internal.reflect.DirectMethodHandleAccessor.invoke(DirectMethodHandleAccessor.java:104)
	at java.base/java.lang.reflect.Method.invoke(Method.java:577)
	at org.apache.maven.surefire.util.ReflectionUtils.invokeMethodWithArray(ReflectionUtils.java:189)
	at org.apache.maven.surefire.booter.ProviderFactory$ProviderProxy.invoke(ProviderFactory.java:165)
	at org.apache.maven.surefire.booter.ProviderFactory.invokeProvider(ProviderFactory.java:85)
	at org.apache.maven.surefire.booter.ForkedBooter.runSuitesInProcess(ForkedBooter.java:115)
	at org.apache.maven.surefire.booter.ForkedBooter.main(ForkedBooter.java:75)
Caused by: java.lang.ClassNotFoundException: html.report
	at java.base/jdk.internal.loader.BuiltinClassLoader.loadClass(BuiltinClassLoader.java:641)
	at java.base/jdk.internal.loader.ClassLoaders$AppClassLoader.loadClass(ClassLoaders.java:188)
	at java.base/java.lang.ClassLoader.loadClass(ClassLoader.java:521)
	at cucumber.runtime.formatter.PluginFactory.loadClass(PluginFactory.java:173)
	... 28 more
</error>
  </testcase>
</testsuite>